c:\users\alvin\downloads\cse 170 labs\pa3\pa2_support_code\basicopenglproject\x64\release\vc143.pdb
c:\users\alvin\downloads\cse 170 labs\pa3\pa2_support_code\basicopenglproject\x64\release\shaderprogram.obj
c:\users\alvin\downloads\cse 170 labs\pa3\pa2_support_code\basicopenglproject\x64\release\shader.obj
c:\users\alvin\downloads\cse 170 labs\pa3\pa2_support_code\basicopenglproject\x64\release\main.obj
c:\users\alvin\downloads\cse 170 labs\pa3\pa2_support_code\x64\release\openglproject.exe
c:\users\alvin\downloads\cse 170 labs\pa3\pa2_support_code\basicopenglproject\x64\release\openglproject.ipdb
c:\users\alvin\downloads\cse 170 labs\pa3\pa2_support_code\x64\release\openglproject.pdb
c:\users\alvin\downloads\cse 170 labs\pa3\pa2_support_code\basicopenglproject\x64\release\openglproject.iobj
c:\users\alvin\downloads\cse 170 labs\pa4\pa2_support_code\basicopenglproject\x64\release\main.obj
c:\users\alvin\downloads\cse 170 labs\pa4\pa2_support_code\basicopenglproject\x64\release\shader.obj
c:\users\alvin\downloads\cse 170 labs\pa4\pa2_support_code\basicopenglproject\x64\release\shaderprogram.obj
c:\users\alvin\downloads\cse 170 labs\pa4\pa2_support_code\basicopenglproject\x64\release\openglproject.ipdb
c:\users\alvin\downloads\cse 170 labs\pa4\pa2_support_code\basicopenglproject\x64\release\openglproject.iobj
c:\users\alvin\downloads\cse 170 labs\pa4\pa2_support_code\basicopenglproject\x64\release\vc143.pdb
c:\users\alvin\downloads\cse 170 labs\pa4\pa2_support_code\x64\release\openglproject.pdb
c:\users\alvin\downloads\cse 170 labs\pa4\pa2_support_code\x64\release\openglproject.exe
c:\users\alvin\downloads\cse 170 labs\pa4\pa2_support_code\basicopenglproject\x64\release\openglproject.tlog\cl.command.1.tlog
c:\users\alvin\downloads\cse 170 labs\pa4\pa2_support_code\basicopenglproject\x64\release\openglproject.tlog\cl.read.1.tlog
c:\users\alvin\downloads\cse 170 labs\pa4\pa2_support_code\basicopenglproject\x64\release\openglproject.tlog\cl.write.1.tlog
c:\users\alvin\downloads\cse 170 labs\pa4\pa2_support_code\basicopenglproject\x64\release\openglproject.tlog\link.command.1.tlog
c:\users\alvin\downloads\cse 170 labs\pa4\pa2_support_code\basicopenglproject\x64\release\openglproject.tlog\link.read.1.tlog
c:\users\alvin\downloads\cse 170 labs\pa4\pa2_support_code\basicopenglproject\x64\release\openglproject.tlog\link.write.1.tlog
